<?xml version="1.0" encoding="UTF-8"?>
<!-- Generated by org.testng.reporters.JUnitReportReporter -->
<testsuite hostname="DESKTOP-OHBQ9CF" failures="0" tests="2" name="com.demo.tests.SimpleFormPageTest" time="3.028" errors="0" timestamp="2024-06-15T14:18:14 IST" skipped="0">
  <testcase classname="com.demo.tests.SimpleFormPageTest" name="inputTextValidationTest" time="0.248"/>
  <system-out/>
  <testcase classname="com.demo.tests.SimpleFormPageTest" name="simpleFormLinkTest" time="2.780"/>
  <system-out/>
</testsuite> <!-- com.demo.tests.SimpleFormPageTest -->
