<?xml version="1.0" encoding="UTF-8"?>
<!-- Generated by org.testng.reporters.JUnitReportReporter -->
<testsuite hostname="DESKTOP-OHBQ9CF" failures="0" tests="4" name="com.demo.tests.SimpleFormPageTest" time="7.894" errors="0" timestamp="2024-06-20T20:51:45 IST" skipped="0">
  <testcase classname="com.demo.tests.SimpleFormPageTest" name="simpleFormLinkTest" time="4.415"/>
  <testcase classname="com.demo.tests.SimpleFormPageTest" name="simpleFormLinkTest" time="1.475"/>
  <testcase classname="com.demo.tests.SimpleFormPageTest" name="inputTextValidationTest" time="1.118"/>
  <testcase classname="com.demo.tests.SimpleFormPageTest" name="inputTextValidationTest" time="0.886"/>
</testsuite> <!-- com.demo.tests.SimpleFormPageTest -->
