<?xml version="1.0" encoding="UTF-8"?>
<!-- Generated by org.testng.reporters.JUnitReportReporter -->
<testsuite hostname="DESKTOP-OHBQ9CF" failures="0" tests="2" name="com.demo.tests.SimpleFormPageTest" time="0.814" errors="0" timestamp="2024-06-16T00:00:43 IST" skipped="0">
  <testcase classname="com.demo.tests.SimpleFormPageTest" name="inputTextValidationTest" time="0.222"/>
  <testcase classname="com.demo.tests.SimpleFormPageTest" name="simpleFormLinkTest" time="0.592"/>
</testsuite> <!-- com.demo.tests.SimpleFormPageTest -->
