<?xml version="1.0" encoding="UTF-8"?>
<!-- Generated by org.testng.reporters.JUnitReportReporter -->
<testsuite hostname="DESKTOP-OHBQ9CF" failures="0" tests="4" name="com.demo.tests.SimpleFormPageTest" time="3.158" errors="0" timestamp="2024-06-16T19:09:15 IST" skipped="0">
  <testcase classname="com.demo.tests.SimpleFormPageTest" name="inputTextValidationTest" time="0.216"/>
  <testcase classname="com.demo.tests.SimpleFormPageTest" name="inputTextValidationTest" time="1.618"/>
  <testcase classname="com.demo.tests.SimpleFormPageTest" name="simpleFormLinkTest" time="0.732"/>
  <testcase classname="com.demo.tests.SimpleFormPageTest" name="simpleFormLinkTest" time="0.592"/>
</testsuite> <!-- com.demo.tests.SimpleFormPageTest -->
