<?xml version="1.0" encoding="UTF-8"?>
<!-- Generated by org.testng.reporters.JUnitReportReporter -->
<testsuite hostname="DESKTOP-OHBQ9CF" failures="0" tests="2" name="com.demo.tests.SimpleFormPageTest" time="2.187" errors="0" timestamp="2024-06-15T20:01:02 IST" skipped="0">
  <testcase classname="com.demo.tests.SimpleFormPageTest" name="inputTextValidationTest" time="1.276"/>
  <testcase classname="com.demo.tests.SimpleFormPageTest" name="simpleFormLinkTest" time="0.911"/>
</testsuite> <!-- com.demo.tests.SimpleFormPageTest -->
